0 info it worked if it ends with ok
1 verbose cli [ '/usr/bin/nodejs', '/usr/bin/npm', 'start' ]
2 info using npm@3.5.2
3 info using node@v4.2.6
4 verbose run-script [ 'prestart', 'start', 'poststart' ]
5 info lifecycle mitr_cavalier_lacrosse@1.0.0~prestart: mitr_cavalier_lacrosse@1.0.0
6 silly lifecycle mitr_cavalier_lacrosse@1.0.0~prestart: no script for prestart, continuing
7 info lifecycle mitr_cavalier_lacrosse@1.0.0~start: mitr_cavalier_lacrosse@1.0.0
8 verbose lifecycle mitr_cavalier_lacrosse@1.0.0~start: unsafe-perm in lifecycle true
9 verbose lifecycle mitr_cavalier_lacrosse@1.0.0~start: PATH: /usr/share/npm/bin/node-gyp-bin:/mnt/c/Users/KIMbap/Documents/rpi/fall_19/mitr/mitr_cavalier_lacrosse/node_modules/.bin:/home/issac/bin:/home/issac/.local/bin:/usr/local/sbin:/usr/local/bin:/usr/sbin:/usr/bin:/sbin:/bin:/usr/games:/usr/local/games:/mnt/c/ProgramData/Oracle/Java/javapath:/mnt/c/Windows/system32:/mnt/c/Windows:/mnt/c/Windows/System32/Wbem:/mnt/c/Windows/System32/WindowsPowerShell/v1.0/:/mnt/c/Program Files (x86)/NVIDIA Corporation/PhysX/Common:/mnt/c/WINDOWS/system32:/mnt/c/WINDOWS:/mnt/c/WINDOWS/System32/Wbem:/mnt/c/WINDOWS/System32/WindowsPowerShell/v1.0/:/mnt/c/Program Files/PuTTY/:/mnt/c/Program Files/MiKTeX 2.9/miktex/bin/x64/:/mnt/c/Program Files (x86)/Brackets/command:/mnt/c/WINDOWS/System32/OpenSSH/:/mnt/c/Program Files/Git/cmd:/mnt/c/Program Files/nodejs/:/mnt/c/Users/KIMbap/AppData/Local/Programs/Python/Python37/Scripts/:/mnt/c/Users/KIMbap/AppData/Local/Programs/Python/Python37/:/mnt/c/Users/KIMbap/AppData/Local/Microsoft/WindowsApps:/mnt/c/Users/KIMbap/AppData/Local/atom/bin:/mnt/c/Users/KIMbap/AppData/Local/Gource/cmd:/mnt/c/Users/KIMbap/AppData/Roaming/npm:/mnt/c/Program Files/Docker Toolbox:/mnt/c/Users/KIMbap/AppData/Local/Programs/Microsoft VS Code/bin:/mnt/c/Users/KIMbap/AppData/Local/Microsoft/WindowsApps:/snap/bin
10 verbose lifecycle mitr_cavalier_lacrosse@1.0.0~start: CWD: /mnt/c/Users/KIMbap/Documents/rpi/fall_19/mitr/mitr_cavalier_lacrosse
11 silly lifecycle mitr_cavalier_lacrosse@1.0.0~start: Args: [ '-c', 'node server.js' ]
12 silly lifecycle mitr_cavalier_lacrosse@1.0.0~start: Returned: code: 1  signal: null
13 info lifecycle mitr_cavalier_lacrosse@1.0.0~start: Failed to exec start script
14 verbose stack Error: mitr_cavalier_lacrosse@1.0.0 start: `node server.js`
14 verbose stack Exit status 1
14 verbose stack     at EventEmitter.<anonymous> (/usr/share/npm/lib/utils/lifecycle.js:232:16)
14 verbose stack     at emitTwo (events.js:87:13)
14 verbose stack     at EventEmitter.emit (events.js:172:7)
14 verbose stack     at ChildProcess.<anonymous> (/usr/share/npm/lib/utils/spawn.js:24:14)
14 verbose stack     at emitTwo (events.js:87:13)
14 verbose stack     at ChildProcess.emit (events.js:172:7)
14 verbose stack     at maybeClose (internal/child_process.js:821:16)
14 verbose stack     at Process.ChildProcess._handle.onexit (internal/child_process.js:211:5)
15 verbose pkgid mitr_cavalier_lacrosse@1.0.0
16 verbose cwd /mnt/c/Users/KIMbap/Documents/rpi/fall_19/mitr/mitr_cavalier_lacrosse
17 error Linux 4.4.0-18362-Microsoft
18 error argv "/usr/bin/nodejs" "/usr/bin/npm" "start"
19 error node v4.2.6
20 error npm  v3.5.2
21 error code ELIFECYCLE
22 error mitr_cavalier_lacrosse@1.0.0 start: `node server.js`
22 error Exit status 1
23 error Failed at the mitr_cavalier_lacrosse@1.0.0 start script 'node server.js'.
23 error Make sure you have the latest version of node.js and npm installed.
23 error If you do, this is most likely a problem with the mitr_cavalier_lacrosse package,
23 error not with npm itself.
23 error Tell the author that this fails on your system:
23 error     node server.js
23 error You can get information on how to open an issue for this project with:
23 error     npm bugs mitr_cavalier_lacrosse
23 error Or if that isn't available, you can get their info via:
23 error     npm owner ls mitr_cavalier_lacrosse
23 error There is likely additional logging output above.
24 verbose exit [ 1, true ]
